<?xml version="1.0" encoding="UTF-8"?>
<!-- Generated by org.testng.reporters.JUnitXMLReporter -->
<testsuite ignored="1" hostname="Mohammeds-Laptop.local" failures="0" tests="2" name="Test" time="39.341" errors="0" timestamp="2023-12-30T02:40:33 EST">
  <testcase classname="baseUtil.BaseClass" name="@BeforeMethod initialTest" time="0.001">
    <failure type="java.lang.NullPointerException">
      <![CDATA[java.lang.NullPointerException
at reports.ExtentTestManager.createTest(ExtentTestManager.java:14)
at baseUtil.BaseClass.initialTest(BaseClass.java:138)
at java.base/java.util.ArrayList.forEach(ArrayList.java:1541)
... Removed 31 stack frames]]>
    </failure>
  </testcase> <!-- @BeforeMethod initialTest -->
  <testcase classname="baseUtil.BaseClass" name="@BeforeMethod setUP" time="0.0">
    <skipped/>
  </testcase> <!-- @BeforeMethod setUP -->
  <testcase classname="baseUtil.BaseClass" name="@AfterMethod tearUp" time="0.0">
    <skipped/>
  </testcase> <!-- @AfterMethod tearUp -->
  <testcase classname="pages.HomePageTest" name="inputTextInUserIdAndPasswordFieldThenClickLoginButtonTest" time="35.567"/>
  <testcase classname="pages.SearchPageTest" name="search" time="0.001">
    <skipped/>
  </testcase> <!-- search -->
  <testcase classname="baseUtil.BaseClass" name="@BeforeSuite initialReporting" time="0.0">
    <ignored/>
  </testcase> <!-- @BeforeSuite initialReporting -->
</testsuite> <!-- Test -->
