<?xml version="1.0" encoding="UTF-8"?>
<testng-results ignored="0" total="1" passed="1" failed="0" skipped="0">
  <reporter-output>
    <line>
      <![CDATA[[[ChromeDriver: chrome on mac (928b35a8a92a454fb4ad659268db2d14)] -> xpath: //input[@id='search-field']]<---------> has been clicked<br>]]>
    </line>
    <line>
      <![CDATA[Moiserizer <-----> has been put into <-----> [[ChromeDriver: chrome on mac (928b35a8a92a454fb4ad659268db2d14)] -> xpath: //input[@id='search-field']]<br>]]>
    </line>
    <line>
      <![CDATA[[[ChromeDriver: chrome on mac (928b35a8a92a454fb4ad659268db2d14)] -> id: retain-search-close]<---------> has been clicked<br>]]>
    </line>
    <line>
      <![CDATA[Body Lotion <-----> has been put into <-----> [[ChromeDriver: chrome on mac (928b35a8a92a454fb4ad659268db2d14)] -> xpath: //input[@id='search-field']]<br>]]>
    </line>
    <line>
      <![CDATA[Javascript Executor executing to view ...arguments[0].scrollIntoView(true); on the element of ---> [[ChromeDriver: chrome on mac (928b35a8a92a454fb4ad659268db2d14)] -> id: productTileLink_0]<br>]]>
    </line>
    <line>
      <![CDATA[Proxy element for: DefaultElementLocator 'By.id: productTileLink_0'<---------> has been clicked<br>]]>
    </line>
    <line>
      <![CDATA[[[ChromeDriver: chrome on mac (928b35a8a92a454fb4ad659268db2d14)] -> xpath: //*[@id='add-to-cart-btn']]<---------> has been clicked<br>]]>
    </line>
    <line>
      <![CDATA[Proxy element for: DefaultElementLocator 'By.xpath: //*[@id='costcoModalText']/div[2]/div[2]/a/button'<---------> has been clicked<br>]]>
    </line>
    <line>
      <![CDATA[[[ChromeDriver: chrome on mac (928b35a8a92a454fb4ad659268db2d14)] -> xpath: //input[@id='search-field']]<---------> has been clicked<br>]]>
    </line>
    <line>
      <![CDATA[shampoo <-----> has been put into <-----> [[ChromeDriver: chrome on mac (928b35a8a92a454fb4ad659268db2d14)] -> xpath: //input[@id='search-field']] and then clicked by Enter Key<br>]]>
    </line>
    <line>
      <![CDATA[Javascript Executor executing to view ...arguments[0].scrollIntoView(true); on the element of ---> [[ChromeDriver: chrome on mac (928b35a8a92a454fb4ad659268db2d14)] -> xpath: //*[@id='productTileLink_0']/img]<br>]]>
    </line>
    <line>
      <![CDATA[Proxy element for: DefaultElementLocator 'By.xpath: //*[@id='productTileLink_0']/img'<---------> has been clicked<br>]]>
    </line>
    <line>
      <![CDATA[[[ChromeDriver: chrome on mac (928b35a8a92a454fb4ad659268db2d14)] -> xpath: //*[@id='add-to-cart-btn']]<---------> has been clicked<br>]]>
    </line>
    <line>
      <![CDATA[[[ChromeDriver: chrome on mac (928b35a8a92a454fb4ad659268db2d14)] -> xpath: //*[@id='costcoModalText']/div[2]/div[1]/button]<---------> has been clicked<br>]]>
    </line>
    <line>
      <![CDATA[[[ChromeDriver: chrome on mac (928b35a8a92a454fb4ad659268db2d14)] -> id: cart-d]<---------> has been clicked<br>]]>
    </line>
    <line>
      <![CDATA[Javascript Executor executing to view ...arguments[0].scrollIntoView(true); on the element of ---> [[ChromeDriver: chrome on mac (928b35a8a92a454fb4ad659268db2d14)] -> xpath: //*[@id='order-item_2']/div/div[3]/div/div/div/div]<br>]]>
    </line>
    <line>
      <![CDATA[[[ChromeDriver: chrome on mac (928b35a8a92a454fb4ad659268db2d14)] -> xpath: //*[@id='order-item_2']/div/div[3]/div/div/div/div]<---------> has been clicked<br>]]>
    </line>
    <line>
      <![CDATA[Sleeping ... zZz 10<br>]]>
    </line>
    <line>
      <![CDATA[Proxy element for: DefaultElementLocator 'By.xpath: //input[@id='shopCartCheckoutSubmitButton']'<---------> has been clicked<br>]]>
    </line>
  </reporter-output>
  <suite started-at="2023-12-31T00:30:47 EST" name="Default suite" finished-at="2023-12-31T00:32:53 EST" duration-ms="126238">
    <groups>
    </groups>
    <test started-at="2023-12-31T00:30:47 EST" name="Default test" finished-at="2023-12-31T00:32:53 EST" duration-ms="126238">
      <class name="pages.SearchPageTest">
        <test-method is-config="true" signature="initialReporting()[pri:0, instance:pages.SearchPageTest@3ba987b8]" started-at="2023-12-31T00:30:47 EST" name="initialReporting" finished-at="2023-12-31T00:30:47 EST" duration-ms="137" status="PASS">
          <reporter-output>
          </reporter-output>
        </test-method> <!-- initialReporting -->
        <test-method is-config="true" signature="beforeClassSetUp()[pri:0, instance:pages.SearchPageTest@3ba987b8]" started-at="2023-12-31T00:30:47 EST" name="beforeClassSetUp" finished-at="2023-12-31T00:30:47 EST" duration-ms="1" status="PASS">
          <reporter-output>
          </reporter-output>
        </test-method> <!-- beforeClassSetUp -->
        <test-method is-config="true" signature="initialTest(java.lang.reflect.Method)[pri:0, instance:pages.SearchPageTest@3ba987b8]" started-at="2023-12-31T00:30:47 EST" name="initialTest" finished-at="2023-12-31T00:30:47 EST" duration-ms="6" status="PASS">
          <params>
            <param index="0">
              <value>
                <![CDATA[public void pages.SearchPageTest.search()]]>
              </value>
            </param>
          </params>
          <reporter-output>
          </reporter-output>
        </test-method> <!-- initialTest -->
        <test-method is-config="true" signature="setUP(java.lang.String)[pri:0, instance:pages.SearchPageTest@3ba987b8]" started-at="2023-12-31T00:30:47 EST" name="setUP" finished-at="2023-12-31T00:30:51 EST" duration-ms="4540" status="PASS">
          <params>
            <param index="0">
              <value>
                <![CDATA[chrome]]>
              </value>
            </param>
          </params>
          <reporter-output>
          </reporter-output>
        </test-method> <!-- setUP -->
        <test-method signature="search()[pri:0, instance:pages.SearchPageTest@3ba987b8]" started-at="2023-12-31T00:30:51 EST" name="search" finished-at="2023-12-31T00:32:53 EST" duration-ms="121475" status="PASS">
          <reporter-output>
            <line>
              <![CDATA[[[ChromeDriver: chrome on mac (928b35a8a92a454fb4ad659268db2d14)] -> xpath: //input[@id='search-field']]<---------> has been clicked<br>]]>
            </line>
            <line>
              <![CDATA[Moiserizer <-----> has been put into <-----> [[ChromeDriver: chrome on mac (928b35a8a92a454fb4ad659268db2d14)] -> xpath: //input[@id='search-field']]<br>]]>
            </line>
            <line>
              <![CDATA[[[ChromeDriver: chrome on mac (928b35a8a92a454fb4ad659268db2d14)] -> id: retain-search-close]<---------> has been clicked<br>]]>
            </line>
            <line>
              <![CDATA[Body Lotion <-----> has been put into <-----> [[ChromeDriver: chrome on mac (928b35a8a92a454fb4ad659268db2d14)] -> xpath: //input[@id='search-field']]<br>]]>
            </line>
            <line>
              <![CDATA[Javascript Executor executing to view ...arguments[0].scrollIntoView(true); on the element of ---> [[ChromeDriver: chrome on mac (928b35a8a92a454fb4ad659268db2d14)] -> id: productTileLink_0]<br>]]>
            </line>
            <line>
              <![CDATA[Proxy element for: DefaultElementLocator 'By.id: productTileLink_0'<---------> has been clicked<br>]]>
            </line>
            <line>
              <![CDATA[[[ChromeDriver: chrome on mac (928b35a8a92a454fb4ad659268db2d14)] -> xpath: //*[@id='add-to-cart-btn']]<---------> has been clicked<br>]]>
            </line>
            <line>
              <![CDATA[Proxy element for: DefaultElementLocator 'By.xpath: //*[@id='costcoModalText']/div[2]/div[2]/a/button'<---------> has been clicked<br>]]>
            </line>
            <line>
              <![CDATA[[[ChromeDriver: chrome on mac (928b35a8a92a454fb4ad659268db2d14)] -> xpath: //input[@id='search-field']]<---------> has been clicked<br>]]>
            </line>
            <line>
              <![CDATA[shampoo <-----> has been put into <-----> [[ChromeDriver: chrome on mac (928b35a8a92a454fb4ad659268db2d14)] -> xpath: //input[@id='search-field']] and then clicked by Enter Key<br>]]>
            </line>
            <line>
              <![CDATA[Javascript Executor executing to view ...arguments[0].scrollIntoView(true); on the element of ---> [[ChromeDriver: chrome on mac (928b35a8a92a454fb4ad659268db2d14)] -> xpath: //*[@id='productTileLink_0']/img]<br>]]>
            </line>
            <line>
              <![CDATA[Proxy element for: DefaultElementLocator 'By.xpath: //*[@id='productTileLink_0']/img'<---------> has been clicked<br>]]>
            </line>
            <line>
              <![CDATA[[[ChromeDriver: chrome on mac (928b35a8a92a454fb4ad659268db2d14)] -> xpath: //*[@id='add-to-cart-btn']]<---------> has been clicked<br>]]>
            </line>
            <line>
              <![CDATA[[[ChromeDriver: chrome on mac (928b35a8a92a454fb4ad659268db2d14)] -> xpath: //*[@id='costcoModalText']/div[2]/div[1]/button]<---------> has been clicked<br>]]>
            </line>
            <line>
              <![CDATA[[[ChromeDriver: chrome on mac (928b35a8a92a454fb4ad659268db2d14)] -> id: cart-d]<---------> has been clicked<br>]]>
            </line>
            <line>
              <![CDATA[Javascript Executor executing to view ...arguments[0].scrollIntoView(true); on the element of ---> [[ChromeDriver: chrome on mac (928b35a8a92a454fb4ad659268db2d14)] -> xpath: //*[@id='order-item_2']/div/div[3]/div/div/div/div]<br>]]>
            </line>
            <line>
              <![CDATA[[[ChromeDriver: chrome on mac (928b35a8a92a454fb4ad659268db2d14)] -> xpath: //*[@id='order-item_2']/div/div[3]/div/div/div/div]<---------> has been clicked<br>]]>
            </line>
            <line>
              <![CDATA[Sleeping ... zZz 10<br>]]>
            </line>
            <line>
              <![CDATA[Proxy element for: DefaultElementLocator 'By.xpath: //input[@id='shopCartCheckoutSubmitButton']'<---------> has been clicked<br>]]>
            </line>
          </reporter-output>
        </test-method> <!-- search -->
        <test-method is-config="true" signature="tearUp()[pri:0, instance:pages.SearchPageTest@3ba987b8]" started-at="2023-12-31T00:32:53 EST" name="tearUp" finished-at="2023-12-31T00:32:53 EST" duration-ms="195" status="PASS">
          <reporter-output>
          </reporter-output>
        </test-method> <!-- tearUp -->
      </class> <!-- pages.SearchPageTest -->
    </test> <!-- Default test -->
  </suite> <!-- Default suite -->
</testng-results>
